<?xml version="1.0" encoding="UTF-8"?>
<!-- Generated by org.testng.reporters.JUnitReportReporter -->
<testsuite hostname="LAPTOP-BUD0QHON" failures="0" tests="1" name="testCases.TC_001_AccountRegistrationTest" time="3.155" errors="0" timestamp="2025-01-12T11:45:07 IST" skipped="0">
  <testcase classname="testCases.TC_001_AccountRegistrationTest" name="verify_account_registration" time="3.155"/>
</testsuite> <!-- testCases.TC_001_AccountRegistrationTest -->
