<?xml version="1.0" encoding="UTF-8"?>
<!-- Generated by org.testng.reporters.JUnitReportReporter -->
<testsuite hostname="LAPTOP-BUD0QHON" failures="0" tests="1" name="testCases.TC002_LoginTest" time="1.779" errors="0" timestamp="2025-01-12T11:45:07 IST" skipped="0">
  <testcase classname="testCases.TC002_LoginTest" name="verify_login" time="1.779"/>
</testsuite> <!-- testCases.TC002_LoginTest -->
