<?xml version="1.0" encoding="UTF-8"?>
<!-- Generated by org.testng.reporters.JUnitReportReporter -->
<testsuite hostname="LAPTOP-BUD0QHON" failures="0" tests="1" name="testCases.TC_001_AccountRegistrationTest" time="2.442" errors="0" timestamp="2025-01-12T17:31:15 IST" skipped="0">
  <testcase classname="testCases.TC_001_AccountRegistrationTest" name="verify_account_registration" time="2.442"/>
</testsuite> <!-- testCases.TC_001_AccountRegistrationTest -->
